2024-07-23 17:24:14,514 - asyncio - DEBUG - Using proactor: IocpProactor
2024-07-23 17:24:14,514 - my_logger - INFO - Fetching URL: https://httpbin.org/get
2024-07-23 17:24:14,559 - my_logger - INFO - Fetching URL: https://httpbin.org/status/404
2024-07-23 17:24:14,559 - my_logger - INFO - Fetching URL: https://httpbin.org/delay/2
2024-07-23 17:24:14,559 - my_logger - INFO - Fetching URL: https://httpbin.org/ip
2024-07-23 17:24:15,497 - my_logger - INFO - Successfully fetched https://httpbin.org/status/404
2024-07-23 17:24:15,497 - my_logger - DEBUG - Content length of https://httpbin.org/status/404: 0 characters
2024-07-23 17:24:15,542 - my_logger - INFO - Successfully fetched https://httpbin.org/get
2024-07-23 17:24:15,543 - my_logger - DEBUG - Content length of https://httpbin.org/get: 309 characters
2024-07-23 17:24:15,581 - my_logger - INFO - Successfully fetched https://httpbin.org/ip
2024-07-23 17:24:15,582 - my_logger - DEBUG - Content length of https://httpbin.org/ip: 31 characters
2024-07-23 17:24:17,665 - my_logger - INFO - Successfully fetched https://httpbin.org/delay/2
2024-07-23 17:24:17,665 - my_logger - DEBUG - Content length of https://httpbin.org/delay/2: 359 characters
2024-07-23 17:24:17,665 - my_logger - INFO - Content retrieved from https://httpbin.org/get has 309 characters
2024-07-23 17:24:17,665 - my_logger - WARNING - No content retrieved from https://httpbin.org/status/404
2024-07-23 17:24:17,665 - my_logger - INFO - Content retrieved from https://httpbin.org/delay/2 has 359 characters
2024-07-23 17:24:17,665 - my_logger - INFO - Content retrieved from https://httpbin.org/ip has 31 characters
2024-07-23 17:26:08,365 - my_logger - INFO - Fetching URL: https://httpbin.org/get
2024-07-23 17:26:08,411 - my_logger - INFO - Fetching URL: https://httpbin.org/status/404
2024-07-23 17:26:08,412 - my_logger - INFO - Fetching URL: https://httpbin.org/delay/2
2024-07-23 17:26:08,412 - my_logger - INFO - Fetching URL: https://httpbin.org/ip
2024-07-23 17:26:09,322 - my_logger - INFO - Successfully fetched https://httpbin.org/status/404
2024-07-23 17:26:09,366 - my_logger - INFO - Successfully fetched https://httpbin.org/ip
2024-07-23 17:26:10,056 - my_logger - INFO - Successfully fetched https://httpbin.org/get
2024-07-23 17:26:11,669 - my_logger - INFO - Successfully fetched https://httpbin.org/delay/2
2024-07-23 17:26:11,669 - my_logger - INFO - Content retrieved from https://httpbin.org/get has 309 characters
2024-07-23 17:26:11,669 - my_logger - WARNING - No content retrieved from https://httpbin.org/status/404
2024-07-23 17:26:11,669 - my_logger - INFO - Content retrieved from https://httpbin.org/delay/2 has 359 characters
2024-07-23 17:26:11,669 - my_logger - INFO - Content retrieved from https://httpbin.org/ip has 31 characters
2024-07-23 17:26:24,250 - my_logger - INFO - Fetching URL: https://httpbin.or/get
2024-07-23 17:26:24,293 - my_logger - INFO - Fetching URL: https://httpbin.org/status/404
2024-07-23 17:26:24,294 - my_logger - INFO - Fetching URL: https://httpbin.org/delay/2
2024-07-23 17:26:24,295 - my_logger - INFO - Fetching URL: https://httpbin.org/ip
2024-07-23 17:26:24,482 - my_logger - ERROR - Failed to fetch https://httpbin.or/get: Cannot connect to host httpbin.or:443 ssl:default [getaddrinfo failed]
2024-07-23 17:26:25,106 - my_logger - INFO - Successfully fetched https://httpbin.org/ip
2024-07-23 17:26:25,870 - my_logger - INFO - Successfully fetched https://httpbin.org/status/404
2024-07-23 17:26:27,581 - my_logger - INFO - Successfully fetched https://httpbin.org/delay/2
2024-07-23 17:26:27,581 - my_logger - WARNING - No content retrieved from https://httpbin.or/get
2024-07-23 17:26:27,582 - my_logger - WARNING - No content retrieved from https://httpbin.org/status/404
2024-07-23 17:26:27,582 - my_logger - INFO - Content retrieved from https://httpbin.org/delay/2 has 359 characters
2024-07-23 17:26:27,582 - my_logger - INFO - Content retrieved from https://httpbin.org/ip has 31 characters
2024-07-23 17:29:41,722 - my_logger - INFO - Fetching URL: https://httpbin.or/get
2024-07-23 17:29:41,758 - my_logger - INFO - Fetching URL: https://httpbin.org/status/404
2024-07-23 17:29:41,759 - my_logger - INFO - Fetching URL: https://httpbin.org/delay/2
2024-07-23 17:29:41,760 - my_logger - INFO - Fetching URL: https://httpbin.org/ip
2024-07-23 17:32:10,510 - my_logger - INFO - Fetching URL: https://httpbin.org/get
2024-07-23 17:32:10,546 - my_logger - INFO - Fetching URL: https://httpbin.org/status/404
2024-07-23 17:32:10,547 - my_logger - INFO - Fetching URL: https://httpbin.org/delay/2
2024-07-23 17:32:10,548 - my_logger - INFO - Fetching URL: https://httpbin.org/ip
2024-07-23 17:32:11,474 - my_logger - INFO - Successfully fetched https://httpbin.org/get
2024-07-23 17:32:11,476 - my_logger - INFO - Successfully fetched https://httpbin.org/ip
2024-07-23 17:32:11,855 - my_logger - INFO - Successfully fetched https://httpbin.org/status/404
2024-07-23 17:32:13,482 - my_logger - INFO - Successfully fetched https://httpbin.org/delay/2
2024-07-23 17:32:13,482 - my_logger - INFO - Content retrieved from https://httpbin.org/get has 309 characters
2024-07-23 17:32:13,484 - my_logger - WARNING - No content retrieved from https://httpbin.org/status/404
2024-07-23 17:32:13,484 - my_logger - INFO - Content retrieved from https://httpbin.org/delay/2 has 359 characters
2024-07-23 17:32:13,484 - my_logger - INFO - Content retrieved from https://httpbin.org/ip has 31 characters
2024-07-23 20:05:27,623 - my_logger - INFO - Fetching URL: https://httpbin.org/get
2024-07-23 20:05:27,671 - my_logger - INFO - Fetching URL: https://httpbin.org/status/404
2024-07-23 20:05:27,672 - my_logger - INFO - Fetching URL: https://httpbin.org/delay/2
2024-07-23 20:05:27,673 - my_logger - INFO - Fetching URL: https://httpbin.org/ip
2024-07-23 20:05:30,151 - my_logger - INFO - Successfully fetched https://httpbin.org/status/404
2024-07-23 20:05:32,710 - my_logger - INFO - Successfully fetched https://httpbin.org/get
2024-07-23 20:05:34,292 - my_logger - INFO - Successfully fetched https://httpbin.org/delay/2
2024-07-23 20:05:36,350 - my_logger - INFO - Successfully fetched https://httpbin.org/ip
2024-07-23 20:05:36,351 - my_logger - INFO - Content retrieved from https://httpbin.org/get has 309 characters
2024-07-23 20:05:36,351 - my_logger - WARNING - No content retrieved from https://httpbin.org/status/404
2024-07-23 20:05:36,351 - my_logger - INFO - Content retrieved from https://httpbin.org/delay/2 has 359 characters
2024-07-23 20:05:36,352 - my_logger - INFO - Content retrieved from https://httpbin.org/ip has 31 characters
2024-07-23 20:05:50,528 - my_logger - INFO - Fetching URL: https://httpbin.or/get
2024-07-23 20:05:50,571 - my_logger - INFO - Fetching URL: https://httpbin.org/status/404
2024-07-23 20:05:50,572 - my_logger - INFO - Fetching URL: https://httpbin.org/delay/2
2024-07-23 20:05:50,572 - my_logger - INFO - Fetching URL: https://httpbin.org/ip
2024-07-23 20:05:50,890 - my_logger - ERROR - Failed to fetch https://httpbin.or/get: Cannot connect to host httpbin.or:443 ssl:default [getaddrinfo failed]
Traceback (most recent call last):
  File "C:\Users\Mohammad.Khan\program\.venv\Lib\site-packages\aiohttp\connector.py", line 1203, in _create_direct_connection
    hosts = await self._resolve_host(host, port, traces=traces)
            ^^^^^^^^^^^^^^^^^^^^^^^^^^^^^^^^^^^^^^^^^^^^^^^^^^^
  File "C:\Users\Mohammad.Khan\program\.venv\Lib\site-packages\aiohttp\connector.py", line 880, in _resolve_host
    return await asyncio.shield(resolved_host_task)
           ^^^^^^^^^^^^^^^^^^^^^^^^^^^^^^^^^^^^^^^^
  File "C:\Users\Mohammad.Khan\program\.venv\Lib\site-packages\aiohttp\connector.py", line 917, in _resolve_host_with_throttle
    addrs = await self._resolver.resolve(host, port, family=self._family)
            ^^^^^^^^^^^^^^^^^^^^^^^^^^^^^^^^^^^^^^^^^^^^^^^^^^^^^^^^^^^^^
  File "C:\Users\Mohammad.Khan\program\.venv\Lib\site-packages\aiohttp\resolver.py", line 33, in resolve
    infos = await self._loop.getaddrinfo(
            ^^^^^^^^^^^^^^^^^^^^^^^^^^^^^
  File "C:\Program Files\Python312\Lib\asyncio\base_events.py", line 901, in getaddrinfo
    return await self.run_in_executor(
           ^^^^^^^^^^^^^^^^^^^^^^^^^^^
  File "C:\Program Files\Python312\Lib\concurrent\futures\thread.py", line 58, in run
    result = self.fn(*self.args, **self.kwargs)
             ^^^^^^^^^^^^^^^^^^^^^^^^^^^^^^^^^^
  File "C:\Program Files\Python312\Lib\socket.py", line 963, in getaddrinfo
    for res in _socket.getaddrinfo(host, port, family, type, proto, flags):
               ^^^^^^^^^^^^^^^^^^^^^^^^^^^^^^^^^^^^^^^^^^^^^^^^^^^^^^^^^^^
socket.gaierror: [Errno 11001] getaddrinfo failed

The above exception was the direct cause of the following exception:

Traceback (most recent call last):
  File "c:\Users\Mohammad.Khan\program\src\WebFetchLog.py", line 23, in fetch_url
    async with session.get(url) as response:
  File "C:\Users\Mohammad.Khan\program\.venv\Lib\site-packages\aiohttp\client.py", line 1197, in __aenter__
    self._resp = await self._coro
                 ^^^^^^^^^^^^^^^^
  File "C:\Users\Mohammad.Khan\program\.venv\Lib\site-packages\aiohttp\client.py", line 581, in _request
    conn = await self._connector.connect(
           ^^^^^^^^^^^^^^^^^^^^^^^^^^^^^^
  File "C:\Users\Mohammad.Khan\program\.venv\Lib\site-packages\aiohttp\connector.py", line 544, in connect
    proto = await self._create_connection(req, traces, timeout)
            ^^^^^^^^^^^^^^^^^^^^^^^^^^^^^^^^^^^^^^^^^^^^^^^^^^^
  File "C:\Users\Mohammad.Khan\program\.venv\Lib\site-packages\aiohttp\connector.py", line 944, in _create_connection
    _, proto = await self._create_direct_connection(req, traces, timeout)
               ^^^^^^^^^^^^^^^^^^^^^^^^^^^^^^^^^^^^^^^^^^^^^^^^^^^^^^^^^^
  File "C:\Users\Mohammad.Khan\program\.venv\Lib\site-packages\aiohttp\connector.py", line 1209, in _create_direct_connection
    raise ClientConnectorError(req.connection_key, exc) from exc
aiohttp.client_exceptions.ClientConnectorError: Cannot connect to host httpbin.or:443 ssl:default [getaddrinfo failed]
2024-07-23 20:05:53,974 - my_logger - INFO - Successfully fetched https://httpbin.org/ip
2024-07-23 20:05:54,683 - my_logger - INFO - Successfully fetched https://httpbin.org/status/404
2024-07-23 20:06:00,676 - my_logger - INFO - Successfully fetched https://httpbin.org/delay/2
2024-07-23 20:06:00,677 - my_logger - WARNING - No content retrieved from https://httpbin.or/get
2024-07-23 20:06:00,677 - my_logger - WARNING - No content retrieved from https://httpbin.org/status/404
2024-07-23 20:06:00,678 - my_logger - INFO - Content retrieved from https://httpbin.org/delay/2 has 359 characters
2024-07-23 20:06:00,678 - my_logger - INFO - Content retrieved from https://httpbin.org/ip has 31 characters
